<?xml version="1.0" encoding="UTF-8"?>
<testsuite xmlns:xsi="http://www.w3.org/2001/XMLSchema-instance" xsi:noNamespaceSchemaLocation="https://maven.apache.org/surefire/maven-surefire-plugin/xsd/surefire-test-report.xsd" name="TestCreateUser" time="2.031" tests="5" errors="0" skipped="0" failures="0">
  <properties>
[...]
</properties>
  <testcase name="createUserTest[0]" classname="TestCreateUser" time="0.875"/>
  <testcase name="createUserTest[1]" classname="TestCreateUser" time="0.237"/>
  <testcase name="createUserTest[2]" classname="TestCreateUser" time="0.231"/>
  <testcase name="createUserTest[3]" classname="TestCreateUser" time="0.315"/>
  <testcase name="createUserTest[4]" classname="TestCreateUser" time="0.367"/>
</testsuite>